TN:
SF:src/Adapter.ts
FN:7,(anonymous_0)
FNF:1
FNH:1
FNDA:12,(anonymous_0)
DA:1,1
DA:6,1
DA:7,12
DA:8,12
LF:4
LH:4
BRF:0
BRH:0
end_of_record
TN:
SF:src/ArithmeticableCollection.ts
FN:7,(anonymous_0)
FN:13,(anonymous_1)
FN:22,(anonymous_2)
FN:30,(anonymous_3)
FNF:4
FNH:4
FNDA:1,(anonymous_0)
FNDA:1,(anonymous_1)
FNDA:11,(anonymous_2)
FNDA:1,(anonymous_3)
DA:6,1
DA:7,1
DA:14,1
DA:23,11
DA:31,1
LF:5
LH:5
BRF:0
BRH:0
end_of_record
TN:
SF:src/Complex.ts
FN:7,(anonymous_0)
FN:17,(anonymous_1)
FN:29,(anonymous_2)
FN:41,(anonymous_3)
FN:53,(anonymous_4)
FNF:5
FNH:5
FNDA:57,(anonymous_0)
FNDA:4,(anonymous_1)
FNDA:4,(anonymous_2)
FNDA:8,(anonymous_3)
FNDA:4,(anonymous_4)
DA:6,1
DA:8,57
DA:9,57
DA:18,4
DA:30,4
DA:42,8
DA:54,4
DA:57,4
DA:58,4
LF:9
LH:9
BRF:0
BRH:0
end_of_record
TN:
SF:src/Rational.ts
FN:7,(anonymous_0)
FN:17,(anonymous_1)
FN:31,(anonymous_2)
FN:45,(anonymous_3)
FN:57,(anonymous_4)
FN:70,mcd
FN:87,mcm
FNF:7
FNH:7
FNDA:36,(anonymous_0)
FNDA:2,(anonymous_1)
FNDA:1,(anonymous_2)
FNDA:1,(anonymous_3)
FNDA:1,(anonymous_4)
FNDA:8,mcd
FNDA:3,mcm
DA:6,1
DA:8,36
DA:9,36
DA:18,2
DA:19,2
DA:20,2
DA:21,2
DA:22,2
DA:23,2
DA:32,1
DA:33,1
DA:34,1
DA:35,1
DA:36,1
DA:37,1
DA:46,1
DA:47,1
DA:48,1
DA:49,1
DA:58,1
DA:59,1
DA:60,1
DA:61,1
DA:71,8
DA:72,8
DA:73,8
DA:74,12
DA:75,12
DA:76,12
DA:78,8
DA:88,3
LF:31
LH:31
BRF:0
BRH:0
end_of_record
